<?xml version="1.0" encoding="UTF-8"?>
<!-- Generated by org.testng.reporters.JUnitXMLReporter -->
<testsuite hostname="WIN1507919" name="Default test" tests="1" failures="1" timestamp="11 Sep 2015 10:40:33 GMT" time="27.897" errors="0">
  <testcase name="f" time="27.764" classname="GitTestDemo.AppTest">
    <failure type="org.openqa.selenium.InvalidElementStateException" message="{&amp;quot;errorMessage&amp;quot;:&amp;quot;Element is not currently interactable and may not be manipulated&amp;quot;,&amp;quot;request&amp;quot;:{&amp;quot;headers&amp;quot;:{&amp;quot;Accept&amp;quot;:&amp;quot;application/json, image/png&amp;quot;,&amp;quot;Connection&amp;quot;:&amp;quot;Keep-Alive&amp;quot;,&amp;quot;Content-Length&amp;quot;:&amp;quot;51&amp;quot;,&amp;quot;Content-Type&amp;quot;:&amp;quot;application/json; charset=utf-8&amp;quot;,&amp;quot;Host&amp;quot;:&amp;quot;localhost:34906&amp;quot;},&amp;quot;httpVersion&amp;quot;:&amp;quot;1.1&amp;quot;,&amp;quot;method&amp;quot;:&amp;quot;POST&amp;quot;,&amp;quot;post&amp;quot;:&amp;quot;{\&amp;quot;id\&amp;quot;:\&amp;quot;:wdc:1441968031416\&amp;quot;,\&amp;quot;value\&amp;quot;:[\&amp;quot;mindssolvit\&amp;quot;]}&amp;quot;,&amp;quot;url&amp;quot;:&amp;quot;/value&amp;quot;,&amp;quot;urlParsed&amp;quot;:{&amp;quot;anchor&amp;quot;:&amp;quot;&amp;quot;,&amp;quot;query&amp;quot;:&amp;quot;&amp;quot;,&amp;quot;file&amp;quot;:&amp;quot;value&amp;quot;,&amp;quot;directory&amp;quot;:&amp;quot;/&amp;quot;,&amp;quot;path&amp;quot;:&amp;quot;/value&amp;quot;,&amp;quot;relative&amp;quot;:&amp;quot;/value&amp;quot;,&amp;quot;port&amp;quot;:&amp;quot;&amp;quot;,&amp;quot;host&amp;quot;:&amp;quot;&amp;quot;,&amp;quot;password&amp;quot;:&amp;quot;&amp;quot;,&amp;quot;user&amp;quot;:&amp;quot;&amp;quot;,&amp;quot;userInfo&amp;quot;:&amp;quot;&amp;quot;,&amp;quot;authority&amp;quot;:&amp;quot;&amp;quot;,&amp;quot;protocol&amp;quot;:&amp;quot;&amp;quot;,&amp;quot;source&amp;quot;:&amp;quot;/value&amp;quot;,&amp;quot;queryKey&amp;quot;:{},&amp;quot;chunks&amp;quot;:[&amp;quot;value&amp;quot;]},&amp;quot;urlOriginal&amp;quot;:&amp;quot;/session/7a7c8dc0-5871-11e5-8ff2-936526bc897a/element/%3Awdc%3A1441968031416/value&amp;quot;}}
Command duration or timeout: 649 milliseconds
Build info: version: &amp;apos;2.33.0&amp;apos;, revision: &amp;apos;4ecaf82108b2a6cc6f006aae81961236eba93358&amp;apos;, time: &amp;apos;2013-05-22 12:00:17&amp;apos;
System info: os.name: &amp;apos;Windows 7&amp;apos;, os.arch: &amp;apos;amd64&amp;apos;, os.version: &amp;apos;6.1&amp;apos;, java.version: &amp;apos;1.7.0_79&amp;apos;
Session ID: 7a7c8dc0-5871-11e5-8ff2-936526bc897a
Driver info: org.openqa.selenium.phantomjs.PhantomJSDriver
Capabilities [{platform=XP, acceptSslCerts=false, javascriptEnabled=true, browserName=phantomjs, rotatable=false, driverVersion=1.2.0, locationContextEnabled=false, version=2.0.0, cssSelectorsEnabled=true, databaseEnabled=false, handlesAlerts=false, browserConnectionEnabled=false, proxy={proxyType=direct}, nativeEvents=true, webStorageEnabled=false, driverName=ghostdriver, applicationCacheEnabled=false, takesScreenshot=true}]">
      <![CDATA[org.openqa.selenium.InvalidElementStateException: {"errorMessage":"Element is not currently interactable and may not be manipulated","request":{"headers":{"Accept":"application/json, image/png","Connection":"Keep-Alive","Content-Length":"51","Content-Type":"application/json; charset=utf-8","Host":"localhost:34906"},"httpVersion":"1.1","method":"POST","post":"{\"id\":\":wdc:1441968031416\",\"value\":[\"mindssolvit\"]}","url":"/value","urlParsed":{"anchor":"","query":"","file":"value","directory":"/","path":"/value","relative":"/value","port":"","host":"","password":"","user":"","userInfo":"","authority":"","protocol":"","source":"/value","queryKey":{},"chunks":["value"]},"urlOriginal":"/session/7a7c8dc0-5871-11e5-8ff2-936526bc897a/element/%3Awdc%3A1441968031416/value"}}
Command duration or timeout: 649 milliseconds
Build info: version: '2.33.0', revision: '4ecaf82108b2a6cc6f006aae81961236eba93358', time: '2013-05-22 12:00:17'
System info: os.name: 'Windows 7', os.arch: 'amd64', os.version: '6.1', java.version: '1.7.0_79'
Session ID: 7a7c8dc0-5871-11e5-8ff2-936526bc897a
Driver info: org.openqa.selenium.phantomjs.PhantomJSDriver
Capabilities [{platform=XP, acceptSslCerts=false, javascriptEnabled=true, browserName=phantomjs, rotatable=false, driverVersion=1.2.0, locationContextEnabled=false, version=2.0.0, cssSelectorsEnabled=true, databaseEnabled=false, handlesAlerts=false, browserConnectionEnabled=false, proxy={proxyType=direct}, nativeEvents=true, webStorageEnabled=false, driverName=ghostdriver, applicationCacheEnabled=false, takesScreenshot=true}]
	at sun.reflect.NativeConstructorAccessorImpl.newInstance0(Native Method)
	at sun.reflect.NativeConstructorAccessorImpl.newInstance(NativeConstructorAccessorImpl.java:57)
	at sun.reflect.DelegatingConstructorAccessorImpl.newInstance(DelegatingConstructorAccessorImpl.java:45)
	at java.lang.reflect.Constructor.newInstance(Constructor.java:526)
	at org.openqa.selenium.remote.ErrorHandler.createThrowable(ErrorHandler.java:191)
	at org.openqa.selenium.remote.ErrorHandler.throwIfResponseFailed(ErrorHandler.java:145)
	at org.openqa.selenium.remote.RemoteWebDriver.execute(RemoteWebDriver.java:554)
	at org.openqa.selenium.remote.RemoteWebElement.execute(RemoteWebElement.java:268)
	at org.openqa.selenium.remote.RemoteWebElement.sendKeys(RemoteWebElement.java:89)
	at GitTestDemo.AppTest.f(AppTest.java:54)
	at sun.reflect.NativeMethodAccessorImpl.invoke0(Native Method)
	at sun.reflect.NativeMethodAccessorImpl.invoke(NativeMethodAccessorImpl.java:57)
	at sun.reflect.DelegatingMethodAccessorImpl.invoke(DelegatingMethodAccessorImpl.java:43)
	at java.lang.reflect.Method.invoke(Method.java:606)
	at org.testng.internal.MethodInvocationHelper.invokeMethod(MethodInvocationHelper.java:84)
	at org.testng.internal.Invoker.invokeMethod(Invoker.java:714)
	at org.testng.internal.Invoker.invokeTestMethod(Invoker.java:901)
	at org.testng.internal.Invoker.invokeTestMethods(Invoker.java:1231)
	at org.testng.internal.TestMethodWorker.invokeTestMethods(TestMethodWorker.java:127)
	at org.testng.internal.TestMethodWorker.run(TestMethodWorker.java:111)
	at org.testng.TestRunner.privateRun(TestRunner.java:767)
	at org.testng.TestRunner.run(TestRunner.java:617)
	at org.testng.SuiteRunner.runTest(SuiteRunner.java:348)
	at org.testng.SuiteRunner.runSequentially(SuiteRunner.java:343)
	at org.testng.SuiteRunner.privateRun(SuiteRunner.java:305)
	at org.testng.SuiteRunner.run(SuiteRunner.java:254)
	at org.testng.SuiteRunnerWorker.runSuite(SuiteRunnerWorker.java:52)
	at org.testng.SuiteRunnerWorker.run(SuiteRunnerWorker.java:86)
	at org.testng.TestNG.runSuitesSequentially(TestNG.java:1224)
	at org.testng.TestNG.runSuitesLocally(TestNG.java:1149)
	at org.testng.TestNG.run(TestNG.java:1057)
	at org.testng.remote.RemoteTestNG.run(RemoteTestNG.java:111)
	at org.testng.remote.RemoteTestNG.initAndRun(RemoteTestNG.java:204)
	at org.testng.remote.RemoteTestNG.main(RemoteTestNG.java:175)
Caused by: org.openqa.selenium.remote.ScreenshotException: Screen shot has been taken
Build info: version: '2.33.0', revision: '4ecaf82108b2a6cc6f006aae81961236eba93358', time: '2013-05-22 12:00:17'
System info: os.name: 'Windows 7', os.arch: 'amd64', os.version: '6.1', java.version: '1.7.0_79'
Driver info: driver.version: RemoteWebDriver
	at org.openqa.selenium.remote.ErrorHandler.throwIfResponseFailed(ErrorHandler.java:125)
	... 28 more
Caused by: org.openqa.selenium.InvalidElementStateException: {"errorMessage":"Element is not currently interactable and may not be manipulated","request":{"headers":{"Accept":"application/json, image/png","Connection":"Keep-Alive","Content-Length":"51","Content-Type":"application/json; charset=utf-8","Host":"localhost:34906"},"httpVersion":"1.1","method":"POST","post":"{\"id\":\":wdc:1441968031416\",\"value\":[\"mindssolvit\"]}","url":"/value","urlParsed":{"anchor":"","query":"","file":"value","directory":"/","path":"/value","relative":"/value","port":"","host":"","password":"","user":"","userInfo":"","authority":"","protocol":"","source":"/value","queryKey":{},"chunks":["value"]},"urlOriginal":"/session/7a7c8dc0-5871-11e5-8ff2-936526bc897a/element/%3Awdc%3A1441968031416/value"}}
Build info: version: '2.33.0', revision: '4ecaf82108b2a6cc6f006aae81961236eba93358', time: '2013-05-22 12:00:17'
System info: os.name: 'Windows 7', os.arch: 'amd64', os.version: '6.1', java.version: '1.7.0_79'
Driver info: driver.version: unknown
]]>
    </failure>
  </testcase> <!-- f -->
</testsuite> <!-- Default test -->
