<?xml version="1.0" encoding="UTF-8"?>
<testng-results skipped="0" failed="0" total="1" passed="1">
  <reporter-output>
  </reporter-output>
  <suite name="BLR_Analytics" duration-ms="13347" started-at="2016-01-15T08:43:54Z" finished-at="2016-01-15T08:44:07Z">
    <groups>
    </groups>
    <test name="Login" duration-ms="13347" started-at="2016-01-15T08:43:54Z" finished-at="2016-01-15T08:44:07Z">
      <class name="GitTestDemo.AppTest">
        <test-method status="PASS" signature="guru99tutorials()[pri:0, instance:GitTestDemo.AppTest@cdeb65f]" name="guru99tutorials" duration-ms="13318" started-at="2016-01-15T14:13:54Z" finished-at="2016-01-15T14:14:07Z">
          <reporter-output>
          </reporter-output>
        </test-method> <!-- guru99tutorials -->
      </class> <!-- GitTestDemo.AppTest -->
    </test> <!-- Login -->
  </suite> <!-- BLR_Analytics -->
</testng-results>
